2018-04-1110:08:33,544  INFO app.Application:48 - Starting Application on DESKTOP-Q014DUV with PID 15588 (D:\software\eclipse\workspace\springboot\target\classes started by lidanfeng in D:\software\eclipse\workspace\springboot)
2018-04-1110:08:33,549  INFO app.Application:666 - No active profile set, falling back to default profiles: default
2018-04-1110:08:33,727  INFO org.springframework.boot.context.embedded.AnnotationConfigEmbeddedWebApplicationContext:578 - Refreshing org.springframework.boot.context.embedded.AnnotationConfigEmbeddedWebApplicationContext@45c7e403: startup date [Wed Apr 11 10:08:33 CST 2018]; root of context hierarchy
2018-04-1110:08:34,428  INFO org.hibernate.validator.internal.util.Version:30 - HV000001: Hibernate Validator 5.2.4.Final
2018-04-1110:08:36,358  INFO org.springframework.beans.factory.support.DefaultListableBeanFactory:839 - Overriding bean definition for bean 'beanNameViewResolver' with a different definition: replacing [Root bean: class [null]; scope=; abstract=false; lazyInit=false; autowireMode=3; dependencyCheck=0; autowireCandidate=true; primary=false; factoryBeanName=org.springframework.boot.autoconfigure.web.ErrorMvcAutoConfiguration$WhitelabelErrorViewConfiguration; factoryMethodName=beanNameViewResolver; initMethodName=null; destroyMethodName=(inferred); defined in class path resource [org/springframework/boot/autoconfigure/web/ErrorMvcAutoConfiguration$WhitelabelErrorViewConfiguration.class]] with [Root bean: class [null]; scope=; abstract=false; lazyInit=false; autowireMode=3; dependencyCheck=0; autowireCandidate=true; primary=false; factoryBeanName=org.springframework.boot.autoconfigure.web.WebMvcAutoConfiguration$WebMvcAutoConfigurationAdapter; factoryMethodName=beanNameViewResolver; initMethodName=null; destroyMethodName=(inferred); defined in class path resource [org/springframework/boot/autoconfigure/web/WebMvcAutoConfiguration$WebMvcAutoConfigurationAdapter.class]]
2018-04-1110:08:37,270  INFO org.springframework.context.support.PostProcessorRegistrationDelegate$BeanPostProcessorChecker:328 - Bean 'redisConfiguration' of type [class app.configuration.RedisConfiguration$$EnhancerBySpringCGLIB$$8ae3d9d6] is not eligible for getting processed by all BeanPostProcessors (for example: not eligible for auto-proxying)
2018-04-1110:08:37,288  INFO org.springframework.context.support.PostProcessorRegistrationDelegate$BeanPostProcessorChecker:328 - Bean 'org.springframework.transaction.annotation.ProxyTransactionManagementConfiguration' of type [class org.springframework.transaction.annotation.ProxyTransactionManagementConfiguration$$EnhancerBySpringCGLIB$$7c776591] is not eligible for getting processed by all BeanPostProcessors (for example: not eligible for auto-proxying)
2018-04-1110:08:37,368  INFO org.springframework.context.support.PostProcessorRegistrationDelegate$BeanPostProcessorChecker:328 - Bean 'org.springframework.cache.annotation.ProxyCachingConfiguration' of type [class org.springframework.cache.annotation.ProxyCachingConfiguration$$EnhancerBySpringCGLIB$$e3d52fef] is not eligible for getting processed by all BeanPostProcessors (for example: not eligible for auto-proxying)
2018-04-1110:08:38,805  INFO org.springframework.boot.context.embedded.tomcat.TomcatEmbeddedServletContainer:81 - Tomcat initialized with port(s): 8080 (http)
2018-04-1110:08:38,829  INFO org.apache.catalina.core.StandardService:180 - Starting service Tomcat
2018-04-1110:08:38,831  INFO org.apache.catalina.core.StandardEngine:180 - Starting Servlet Engine: Apache Tomcat/8.0.36
2018-04-1110:08:39,480  INFO org.apache.jasper.servlet.TldScanner:180 - At least one JAR was scanned for TLDs yet contained no TLDs. Enable debug logging for this logger for a complete list of JARs that were scanned but no TLDs were found in them. Skipping unneeded JARs during scanning can improve startup time and JSP compilation time.
2018-04-1110:08:39,487  INFO org.apache.catalina.core.ContainerBase.[Tomcat].[localhost].[/]:180 - Initializing Spring embedded WebApplicationContext
2018-04-1110:08:39,488  INFO org.springframework.web.context.ContextLoader:272 - Root WebApplicationContext: initialization completed in 5765 ms
2018-04-1110:08:39,523  INFO app.configuration.DruidConfiguration:35 - init Druid Servlet Configuration 
2018-04-1110:08:40,493  INFO org.springframework.boot.context.embedded.ServletRegistrationBean:189 - Mapping servlet: 'statViewServlet' to [/druid/*]
2018-04-1110:08:40,496  INFO org.springframework.boot.context.embedded.ServletRegistrationBean:189 - Mapping servlet: 'dispatcherServlet' to [/]
2018-04-1110:08:40,501  INFO org.springframework.boot.context.embedded.FilterRegistrationBean:258 - Mapping filter: 'characterEncodingFilter' to: [/*]
2018-04-1110:08:40,557  INFO org.springframework.boot.context.embedded.FilterRegistrationBean:258 - Mapping filter: 'hiddenHttpMethodFilter' to: [/*]
2018-04-1110:08:40,558  INFO org.springframework.boot.context.embedded.FilterRegistrationBean:258 - Mapping filter: 'httpPutFormContentFilter' to: [/*]
2018-04-1110:08:40,558  INFO org.springframework.boot.context.embedded.FilterRegistrationBean:258 - Mapping filter: 'requestContextFilter' to: [/*]
2018-04-1110:08:40,558  INFO org.springframework.boot.context.embedded.FilterRegistrationBean:271 - Mapping filter: 'webStatFilter' to urls: [/*]
2018-04-1110:08:43,785  INFO org.springframework.web.servlet.mvc.method.annotation.RequestMappingHandlerAdapter:532 - Looking for @ControllerAdvice: org.springframework.boot.context.embedded.AnnotationConfigEmbeddedWebApplicationContext@45c7e403: startup date [Wed Apr 11 10:08:33 CST 2018]; root of context hierarchy
2018-04-1110:08:43,971  INFO org.springframework.web.servlet.mvc.method.annotation.RequestMappingHandlerMapping:534 - Mapped "{[/test/query],methods=[GET]}" onto public app.example.domain.Test app.example.controller.TestController.getTest()
2018-04-1110:08:43,973  INFO org.springframework.web.servlet.mvc.method.annotation.RequestMappingHandlerMapping:534 - Mapped "{[/test/redis],methods=[GET]}" onto public java.lang.String app.example.controller.TestController.redis()
2018-04-1110:08:43,974  INFO org.springframework.web.servlet.mvc.method.annotation.RequestMappingHandlerMapping:534 - Mapped "{[/test/solr]}" onto public void app.example.controller.TestController.Solr() throws org.apache.solr.client.solrj.SolrServerException,java.io.IOException
2018-04-1110:08:43,979  INFO org.springframework.web.servlet.mvc.method.annotation.RequestMappingHandlerMapping:534 - Mapped "{[/error]}" onto public org.springframework.http.ResponseEntity<java.util.Map<java.lang.String, java.lang.Object>> org.springframework.boot.autoconfigure.web.BasicErrorController.error(javax.servlet.http.HttpServletRequest)
2018-04-1110:08:43,980  INFO org.springframework.web.servlet.mvc.method.annotation.RequestMappingHandlerMapping:534 - Mapped "{[/error],produces=[text/html]}" onto public org.springframework.web.servlet.ModelAndView org.springframework.boot.autoconfigure.web.BasicErrorController.errorHtml(javax.servlet.http.HttpServletRequest,javax.servlet.http.HttpServletResponse)
2018-04-1110:08:44,016  INFO org.springframework.web.servlet.config.annotation.WebMvcConfigurerAdapter:289 - Adding welcome page: ServletContext resource [/index.html]
2018-04-1110:08:44,058  INFO org.springframework.web.servlet.handler.SimpleUrlHandlerMapping:328 - Root mapping to handler of type [class org.springframework.web.servlet.mvc.ParameterizableViewController]
2018-04-1110:08:44,083  INFO org.springframework.web.servlet.handler.SimpleUrlHandlerMapping:341 - Mapped URL path [/webjars/**] onto handler of type [class org.springframework.web.servlet.resource.ResourceHttpRequestHandler]
2018-04-1110:08:44,084  INFO org.springframework.web.servlet.handler.SimpleUrlHandlerMapping:341 - Mapped URL path [/**] onto handler of type [class org.springframework.web.servlet.resource.ResourceHttpRequestHandler]
2018-04-1110:08:44,206  INFO org.springframework.web.servlet.handler.SimpleUrlHandlerMapping:341 - Mapped URL path [/**/favicon.ico] onto handler of type [class org.springframework.web.servlet.resource.ResourceHttpRequestHandler]
2018-04-1110:08:44,992  INFO org.springframework.jmx.export.annotation.AnnotationMBeanExporter:431 - Registering beans for JMX exposure on startup
2018-04-1110:08:44,994  INFO org.springframework.jmx.export.annotation.AnnotationMBeanExporter:912 - Bean with name 'dataSource' has been autodetected for JMX exposure
2018-04-1110:08:45,003  INFO org.springframework.jmx.export.annotation.AnnotationMBeanExporter:667 - Located MBean 'dataSource': registering with JMX server as MBean [com.alibaba.druid.pool:name=dataSource,type=DruidDataSource]
2018-04-1110:08:45,069  INFO org.apache.coyote.http11.Http11NioProtocol:180 - Initializing ProtocolHandler ["http-nio-8080"]
2018-04-1110:08:45,096  INFO org.apache.coyote.http11.Http11NioProtocol:180 - Starting ProtocolHandler ["http-nio-8080"]
2018-04-1110:08:45,158  INFO org.apache.tomcat.util.net.NioSelectorPool:180 - Using a shared selector for servlet write/read
2018-04-1110:08:45,228  INFO org.springframework.boot.context.embedded.tomcat.TomcatEmbeddedServletContainer:162 - Tomcat started on port(s): 8080 (http)
2018-04-1110:08:45,237  INFO app.Application:57 - Started Application in 12.426 seconds (JVM running for 13.93)
2018-04-1110:09:54,043  INFO org.apache.catalina.core.ContainerBase.[Tomcat].[localhost].[/]:180 - Initializing Spring FrameworkServlet 'dispatcherServlet'
2018-04-1110:09:54,044  INFO org.springframework.web.servlet.DispatcherServlet:488 - FrameworkServlet 'dispatcherServlet': initialization started
2018-04-1110:09:54,095  INFO org.springframework.web.servlet.DispatcherServlet:507 - FrameworkServlet 'dispatcherServlet': initialization completed in 51 ms
2018-04-1110:09:56,015  INFO com.alibaba.druid.pool.DruidDataSource:721 - {dataSource-1} inited
2018-04-1110:11:30,892  INFO app.Application:48 - Starting Application on DESKTOP-Q014DUV with PID 19100 (D:\software\eclipse\workspace\springboot\target\classes started by lidanfeng in D:\software\eclipse\workspace\springboot)
2018-04-1110:11:30,895  INFO app.Application:666 - No active profile set, falling back to default profiles: default
2018-04-1110:11:31,027  INFO org.springframework.boot.context.embedded.AnnotationConfigEmbeddedWebApplicationContext:578 - Refreshing org.springframework.boot.context.embedded.AnnotationConfigEmbeddedWebApplicationContext@5fa07e12: startup date [Wed Apr 11 10:11:31 CST 2018]; root of context hierarchy
2018-04-1110:11:31,361  INFO org.hibernate.validator.internal.util.Version:30 - HV000001: Hibernate Validator 5.2.4.Final
2018-04-1110:11:33,225  INFO org.springframework.beans.factory.support.DefaultListableBeanFactory:839 - Overriding bean definition for bean 'beanNameViewResolver' with a different definition: replacing [Root bean: class [null]; scope=; abstract=false; lazyInit=false; autowireMode=3; dependencyCheck=0; autowireCandidate=true; primary=false; factoryBeanName=org.springframework.boot.autoconfigure.web.ErrorMvcAutoConfiguration$WhitelabelErrorViewConfiguration; factoryMethodName=beanNameViewResolver; initMethodName=null; destroyMethodName=(inferred); defined in class path resource [org/springframework/boot/autoconfigure/web/ErrorMvcAutoConfiguration$WhitelabelErrorViewConfiguration.class]] with [Root bean: class [null]; scope=; abstract=false; lazyInit=false; autowireMode=3; dependencyCheck=0; autowireCandidate=true; primary=false; factoryBeanName=org.springframework.boot.autoconfigure.web.WebMvcAutoConfiguration$WebMvcAutoConfigurationAdapter; factoryMethodName=beanNameViewResolver; initMethodName=null; destroyMethodName=(inferred); defined in class path resource [org/springframework/boot/autoconfigure/web/WebMvcAutoConfiguration$WebMvcAutoConfigurationAdapter.class]]
2018-04-1110:17:56,028  INFO app.Application:48 - Starting Application on DESKTOP-Q014DUV with PID 7960 (D:\software\eclipse\workspace\springboot\target\classes started by lidanfeng in D:\software\eclipse\workspace\springboot)
2018-04-1110:17:56,033  INFO app.Application:666 - No active profile set, falling back to default profiles: default
2018-04-1110:17:56,147  INFO org.springframework.boot.context.embedded.AnnotationConfigEmbeddedWebApplicationContext:578 - Refreshing org.springframework.boot.context.embedded.AnnotationConfigEmbeddedWebApplicationContext@710f4dc7: startup date [Wed Apr 11 10:17:56 CST 2018]; root of context hierarchy
2018-04-1110:17:56,585  INFO org.hibernate.validator.internal.util.Version:30 - HV000001: Hibernate Validator 5.2.4.Final
2018-04-1110:17:58,554  INFO org.springframework.beans.factory.support.DefaultListableBeanFactory:839 - Overriding bean definition for bean 'beanNameViewResolver' with a different definition: replacing [Root bean: class [null]; scope=; abstract=false; lazyInit=false; autowireMode=3; dependencyCheck=0; autowireCandidate=true; primary=false; factoryBeanName=org.springframework.boot.autoconfigure.web.ErrorMvcAutoConfiguration$WhitelabelErrorViewConfiguration; factoryMethodName=beanNameViewResolver; initMethodName=null; destroyMethodName=(inferred); defined in class path resource [org/springframework/boot/autoconfigure/web/ErrorMvcAutoConfiguration$WhitelabelErrorViewConfiguration.class]] with [Root bean: class [null]; scope=; abstract=false; lazyInit=false; autowireMode=3; dependencyCheck=0; autowireCandidate=true; primary=false; factoryBeanName=org.springframework.boot.autoconfigure.web.WebMvcAutoConfiguration$WebMvcAutoConfigurationAdapter; factoryMethodName=beanNameViewResolver; initMethodName=null; destroyMethodName=(inferred); defined in class path resource [org/springframework/boot/autoconfigure/web/WebMvcAutoConfiguration$WebMvcAutoConfigurationAdapter.class]]
2018-04-1110:17:59,613  INFO org.springframework.context.support.PostProcessorRegistrationDelegate$BeanPostProcessorChecker:328 - Bean 'redisConfiguration' of type [class app.configuration.RedisConfiguration$$EnhancerBySpringCGLIB$$7e31db6f] is not eligible for getting processed by all BeanPostProcessors (for example: not eligible for auto-proxying)
2018-04-1110:17:59,631  INFO org.springframework.context.support.PostProcessorRegistrationDelegate$BeanPostProcessorChecker:328 - Bean 'org.springframework.transaction.annotation.ProxyTransactionManagementConfiguration' of type [class org.springframework.transaction.annotation.ProxyTransactionManagementConfiguration$$EnhancerBySpringCGLIB$$6fc5672a] is not eligible for getting processed by all BeanPostProcessors (for example: not eligible for auto-proxying)
2018-04-1110:17:59,725  INFO org.springframework.context.support.PostProcessorRegistrationDelegate$BeanPostProcessorChecker:328 - Bean 'org.springframework.cache.annotation.ProxyCachingConfiguration' of type [class org.springframework.cache.annotation.ProxyCachingConfiguration$$EnhancerBySpringCGLIB$$d7233188] is not eligible for getting processed by all BeanPostProcessors (for example: not eligible for auto-proxying)
2018-04-1110:18:01,085  INFO org.springframework.boot.context.embedded.tomcat.TomcatEmbeddedServletContainer:81 - Tomcat initialized with port(s): 8080 (http)
2018-04-1110:18:01,117  INFO org.apache.catalina.core.StandardService:180 - Starting service Tomcat
2018-04-1110:18:01,122  INFO org.apache.catalina.core.StandardEngine:180 - Starting Servlet Engine: Apache Tomcat/8.0.36
2018-04-1110:18:01,907  INFO org.apache.jasper.servlet.TldScanner:180 - At least one JAR was scanned for TLDs yet contained no TLDs. Enable debug logging for this logger for a complete list of JARs that were scanned but no TLDs were found in them. Skipping unneeded JARs during scanning can improve startup time and JSP compilation time.
2018-04-1110:18:01,913  INFO org.apache.catalina.core.ContainerBase.[Tomcat].[localhost].[/]:180 - Initializing Spring embedded WebApplicationContext
2018-04-1110:18:01,914  INFO org.springframework.web.context.ContextLoader:272 - Root WebApplicationContext: initialization completed in 5772 ms
2018-04-1110:18:01,948  INFO app.configuration.DruidConfiguration:35 - init Druid Servlet Configuration 
2018-04-1110:18:03,086  INFO org.springframework.boot.context.embedded.ServletRegistrationBean:189 - Mapping servlet: 'statViewServlet' to [/druid/*]
2018-04-1110:18:03,090  INFO org.springframework.boot.context.embedded.ServletRegistrationBean:189 - Mapping servlet: 'dispatcherServlet' to [/]
2018-04-1110:18:03,100  INFO org.springframework.boot.context.embedded.FilterRegistrationBean:258 - Mapping filter: 'characterEncodingFilter' to: [/*]
2018-04-1110:18:03,101  INFO org.springframework.boot.context.embedded.FilterRegistrationBean:258 - Mapping filter: 'hiddenHttpMethodFilter' to: [/*]
2018-04-1110:18:03,101  INFO org.springframework.boot.context.embedded.FilterRegistrationBean:258 - Mapping filter: 'httpPutFormContentFilter' to: [/*]
2018-04-1110:18:03,102  INFO org.springframework.boot.context.embedded.FilterRegistrationBean:258 - Mapping filter: 'requestContextFilter' to: [/*]
2018-04-1110:18:03,102  INFO org.springframework.boot.context.embedded.FilterRegistrationBean:271 - Mapping filter: 'webStatFilter' to urls: [/*]
2018-04-1110:18:06,022  INFO org.springframework.web.servlet.mvc.method.annotation.RequestMappingHandlerAdapter:532 - Looking for @ControllerAdvice: org.springframework.boot.context.embedded.AnnotationConfigEmbeddedWebApplicationContext@710f4dc7: startup date [Wed Apr 11 10:17:56 CST 2018]; root of context hierarchy
2018-04-1110:18:06,199  INFO org.springframework.web.servlet.mvc.method.annotation.RequestMappingHandlerMapping:534 - Mapped "{[/test/query],methods=[GET]}" onto public app.example.domain.Test app.example.controller.TestController.getTest()
2018-04-1110:18:06,201  INFO org.springframework.web.servlet.mvc.method.annotation.RequestMappingHandlerMapping:534 - Mapped "{[/test/redis],methods=[GET]}" onto public java.lang.String app.example.controller.TestController.redis()
2018-04-1110:18:06,202  INFO org.springframework.web.servlet.mvc.method.annotation.RequestMappingHandlerMapping:534 - Mapped "{[/test/solr]}" onto public void app.example.controller.TestController.Solr() throws org.apache.solr.client.solrj.SolrServerException,java.io.IOException
2018-04-1110:18:06,203  INFO org.springframework.web.servlet.mvc.method.annotation.RequestMappingHandlerMapping:534 - Mapped "{[/test/addsolr]}" onto public void app.example.controller.TestController.AddSolr() throws org.apache.solr.client.solrj.SolrServerException,java.io.IOException
2018-04-1110:18:06,208  INFO org.springframework.web.servlet.mvc.method.annotation.RequestMappingHandlerMapping:534 - Mapped "{[/error]}" onto public org.springframework.http.ResponseEntity<java.util.Map<java.lang.String, java.lang.Object>> org.springframework.boot.autoconfigure.web.BasicErrorController.error(javax.servlet.http.HttpServletRequest)
2018-04-1110:18:06,209  INFO org.springframework.web.servlet.mvc.method.annotation.RequestMappingHandlerMapping:534 - Mapped "{[/error],produces=[text/html]}" onto public org.springframework.web.servlet.ModelAndView org.springframework.boot.autoconfigure.web.BasicErrorController.errorHtml(javax.servlet.http.HttpServletRequest,javax.servlet.http.HttpServletResponse)
2018-04-1110:18:06,221  INFO org.springframework.web.servlet.config.annotation.WebMvcConfigurerAdapter:289 - Adding welcome page: ServletContext resource [/index.html]
2018-04-1110:18:06,274  INFO org.springframework.web.servlet.handler.SimpleUrlHandlerMapping:328 - Root mapping to handler of type [class org.springframework.web.servlet.mvc.ParameterizableViewController]
2018-04-1110:18:06,308  INFO org.springframework.web.servlet.handler.SimpleUrlHandlerMapping:341 - Mapped URL path [/webjars/**] onto handler of type [class org.springframework.web.servlet.resource.ResourceHttpRequestHandler]
2018-04-1110:18:06,308  INFO org.springframework.web.servlet.handler.SimpleUrlHandlerMapping:341 - Mapped URL path [/**] onto handler of type [class org.springframework.web.servlet.resource.ResourceHttpRequestHandler]
2018-04-1110:18:06,418  INFO org.springframework.web.servlet.handler.SimpleUrlHandlerMapping:341 - Mapped URL path [/**/favicon.ico] onto handler of type [class org.springframework.web.servlet.resource.ResourceHttpRequestHandler]
2018-04-1110:18:07,226  INFO org.springframework.jmx.export.annotation.AnnotationMBeanExporter:431 - Registering beans for JMX exposure on startup
2018-04-1110:18:07,228  INFO org.springframework.jmx.export.annotation.AnnotationMBeanExporter:912 - Bean with name 'dataSource' has been autodetected for JMX exposure
2018-04-1110:18:07,235  INFO org.springframework.jmx.export.annotation.AnnotationMBeanExporter:667 - Located MBean 'dataSource': registering with JMX server as MBean [com.alibaba.druid.pool:name=dataSource,type=DruidDataSource]
2018-04-1110:18:07,286  INFO org.apache.coyote.http11.Http11NioProtocol:180 - Initializing ProtocolHandler ["http-nio-8080"]
2018-04-1110:18:07,299  INFO org.apache.coyote.http11.Http11NioProtocol:180 - Starting ProtocolHandler ["http-nio-8080"]
2018-04-1110:18:07,338  INFO org.apache.tomcat.util.net.NioSelectorPool:180 - Using a shared selector for servlet write/read
2018-04-1110:18:07,426  INFO org.springframework.boot.context.embedded.tomcat.TomcatEmbeddedServletContainer:162 - Tomcat started on port(s): 8080 (http)
2018-04-1110:18:07,436  INFO app.Application:57 - Started Application in 12.088 seconds (JVM running for 13.024)
2018-04-1110:18:23,578  INFO org.apache.catalina.core.ContainerBase.[Tomcat].[localhost].[/]:180 - Initializing Spring FrameworkServlet 'dispatcherServlet'
2018-04-1110:18:23,579  INFO org.springframework.web.servlet.DispatcherServlet:488 - FrameworkServlet 'dispatcherServlet': initialization started
2018-04-1110:18:23,617  INFO org.springframework.web.servlet.DispatcherServlet:507 - FrameworkServlet 'dispatcherServlet': initialization completed in 38 ms
